<?xml version="1.0" encoding="UTF-8"?>
<testsuite xmlns:xsi="http://www.w3.org/2001/XMLSchema-instance" xsi:noNamespaceSchemaLocation="https://maven.apache.org/surefire/maven-surefire-plugin/xsd/surefire-test-report.xsd" name="com.zjt.crm.CrmApplicationTests" time="6.066" tests="2" errors="0" skipped="0" failures="0">
  <properties>
[...]
</properties>
  <testcase name="HssTest" classname="com.zjt.crm.CrmApplicationTests" time="0.463"/>
  <testcase name="contextLoads" classname="com.zjt.crm.CrmApplicationTests" time="0.005"/>
</testsuite>